<?xml version="1.0" encoding="UTF-8"?>
<testng-results ignored="0" total="1" passed="1" failed="0" skipped="0">
  <reporter-output>
  </reporter-output>
  <suite started-at="2024-04-15T16:36:59 IST" name="Suite" finished-at="2024-04-15T16:37:44 IST" duration-ms="44992">
    <groups>
    </groups>
    <test started-at="2024-04-15T16:36:59 IST" name="Test" finished-at="2024-04-15T16:37:44 IST" duration-ms="44992">
      <class name="Jenkins.Jenkins.End_to_End_Test_Practice">
        <test-method signature="test1()[pri:0, instance:Jenkins.Jenkins.End_to_End_Test_Practice@192d43ce]" started-at="2024-04-15T16:36:59 IST" name="test1" finished-at="2024-04-15T16:37:44 IST" duration-ms="44964" status="PASS">
          <reporter-output>
          </reporter-output>
        </test-method> <!-- test1 -->
      </class> <!-- Jenkins.Jenkins.End_to_End_Test_Practice -->
    </test> <!-- Test -->
  </suite> <!-- Suite -->
</testng-results>
